C:\GITHUB\PROPRIO\CPLUSPLUS_CODEBASE\BIN\DEVICES.PDB
C:\GITHUB\PROPRIO\CPLUSPLUS_CODEBASE\BIN\TRAINER.EXE
C:\GitHub\proprio\cplusplus_codebase\Debug\.NETFramework,Version=v4.0.AssemblyAttributes.obj
C:\GitHub\proprio\cplusplus_codebase\Debug\cl.command.1.tlog
C:\GitHub\proprio\cplusplus_codebase\Debug\CL.read.1.tlog
C:\GitHub\proprio\cplusplus_codebase\Debug\CL.write.1.tlog
C:\GitHub\proprio\cplusplus_codebase\Debug\devices.vcxprojResolveAssemblyReference.cache
C:\GITHUB\PROPRIO\CPLUSPLUS_CODEBASE\DEBUG\EXPERIMENT.OBJ
C:\GitHub\proprio\cplusplus_codebase\Debug\link.command.1.tlog
C:\GitHub\proprio\cplusplus_codebase\Debug\link.read.1.tlog
C:\GitHub\proprio\cplusplus_codebase\Debug\link.write.1.tlog
C:\GITHUB\PROPRIO\CPLUSPLUS_CODEBASE\DEBUG\LOGGER.OBJ
C:\GITHUB\PROPRIO\CPLUSPLUS_CODEBASE\DEBUG\MAIN.OBJ
C:\GitHub\proprio\cplusplus_codebase\Debug\metagen.read.1.tlog
C:\GitHub\proprio\cplusplus_codebase\Debug\metagen.write.1.tlog
C:\GitHub\proprio\cplusplus_codebase\Debug\mt.command.1.tlog
C:\GitHub\proprio\cplusplus_codebase\Debug\mt.read.1.tlog
C:\GitHub\proprio\cplusplus_codebase\Debug\mt.write.1.tlog
C:\GitHub\proprio\cplusplus_codebase\Debug\RSAENH.DLL.bi
C:\GITHUB\PROPRIO\CPLUSPLUS_CODEBASE\DEBUG\TRAINER.EXE.INTERMEDIATE.MANIFEST
C:\GitHub\proprio\cplusplus_codebase\Debug\Trainer.write.1.tlog
C:\GitHub\proprio\cplusplus_codebase\Debug\TZRES.DLL.bi
C:\GITHUB\PROPRIO\CPLUSPLUS_CODEBASE\DEBUG\VC100.PDB
C:\USERS\TOM\SSD_DATA_ANALYSIS\TRAINERBOT-MASTER3\TRAINERBOT-MASTER\CPLUSPLUS_CODEBASE\BIN\DEVICES.PDB
C:\USERS\TOM\SSD_DATA_ANALYSIS\TRAINERBOT-MASTER3\TRAINERBOT-MASTER\CPLUSPLUS_CODEBASE\BIN\TRAINER.EXE
C:\USERS\TOM\SSD_DATA_ANALYSIS\TRAINERBOT-MASTER3\TRAINERBOT-MASTER\CPLUSPLUS_CODEBASE\DEBUG\.NETFRAMEWORK,VERSION=V4.0.ASSEMBLYATTRIBUTES.OBJ
C:\USERS\TOM\SSD_DATA_ANALYSIS\TRAINERBOT-MASTER3\TRAINERBOT-MASTER\CPLUSPLUS_CODEBASE\DEBUG\EXPERIMENT.OBJ
C:\USERS\TOM\SSD_DATA_ANALYSIS\TRAINERBOT-MASTER3\TRAINERBOT-MASTER\CPLUSPLUS_CODEBASE\DEBUG\LOGGER.OBJ
C:\USERS\TOM\SSD_DATA_ANALYSIS\TRAINERBOT-MASTER3\TRAINERBOT-MASTER\CPLUSPLUS_CODEBASE\DEBUG\MAIN.OBJ
C:\USERS\TOM\SSD_DATA_ANALYSIS\TRAINERBOT-MASTER3\TRAINERBOT-MASTER\CPLUSPLUS_CODEBASE\DEBUG\TRAINER.EXE.INTERMEDIATE.MANIFEST
C:\USERS\TOM\SSD_DATA_ANALYSIS\TRAINERBOT-MASTER3\TRAINERBOT-MASTER\CPLUSPLUS_CODEBASE\DEBUG\VC100.PDB
